Created by PLY version 3.4 (http://www.dabeaz.com/ply)

Grammar

Rule 0     S' -> Model
Rule 1     empty -> <empty>
Rule 2     ClassIdentifier -> IDENTIFIER
Rule 3     BlockIdentifier -> IDENTIFIER
Rule 4     EventPath -> IDENTIFIER POINT IDENTIFIER
Rule 5     AndCommercialEvenPathStar -> empty
Rule 6     AndCommercialEvenPathStar -> ANDCOMMERCIAL EventPath AndCommercialEvenPathStar
Rule 7     MacroEventDefinition -> EventIdentifierInSynchronization DEUXPOINTS EventPath AndCommercialEvenPathStar
Rule 8     EventIdentifierInSynchronization -> IDENTIFIER
Rule 9     Synchronization -> MacroEventDefinition
Rule 10    SynchronizationStar -> empty
Rule 11    SynchronizationStar -> Synchronization SynchronizationStar
Rule 12    SynchronizationClause -> SYNCHRONIZATION SynchronizationStar
Rule 13    ClassNameIdentifier -> IDENTIFIER
Rule 14    ClassInstanceIdentifier -> IDENTIFIER
Rule 15    ClassInstanceVirguleIdentifierStar -> empty
Rule 16    ClassInstanceVirguleIdentifierStar -> VIRGULE ClassInstanceIdentifier ClassInstanceVirguleIdentifierStar
Rule 17    ClassInstance -> ClassNameIdentifier ClassInstanceIdentifier ClassInstanceVirguleIdentifierStar
Rule 18    ComposedBlockClause -> Block
Rule 19    ComposedBlockClause -> ClassInstance
Rule 20    ComposedBlockClause -> Block ComposedBlockClause
Rule 21    ComposedBlockClause -> ClassInstance ComposedBlockClause
Rule 22    StateIdentifier -> IDENTIFIER
Rule 23    Transition -> EventIdentifierInTransition DEUXPOINTS OriginalStateIdentifierInTransition FLECHE DestStateIdentifierInTransition
Rule 24    OriginalStateIdentifierInTransition -> IDENTIFIER
Rule 25    DestStateIdentifierInTransition -> IDENTIFIER
Rule 26    EventIdentifierInTransition -> IDENTIFIER
Rule 27    TransitionStar -> empty
Rule 28    TransitionStar -> Transition TransitionStar
Rule 29    TransitionClause -> TRANSITION TransitionStar
Rule 30    EventClauseInClass -> EVENT EventIdentifierInClass EventVirguleIdentifierStarInClass
Rule 31    EventIdentifierInClass -> IDENTIFIER
Rule 32    EventClauseInBlock -> EVENT EventIdentifierInBlock EventVirguleIdentifierStarInBlock
Rule 33    EventVirguleIdentifierStarInBlock -> empty
Rule 34    EventVirguleIdentifierStarInBlock -> VIRGULE EventIdentifierInBlock EventVirguleIdentifierStarInBlock
Rule 35    EventIdentifierInBlock -> IDENTIFIER
Rule 36    StateClause -> STATE StateIdentifier StateVirguleIdentifierStar
Rule 37    EventVirguleIdentifierStarInClass -> empty
Rule 38    EventVirguleIdentifierStarInClass -> VIRGULE EventIdentifierInClass EventVirguleIdentifierStarInClass
Rule 39    StateVirguleIdentifierStar -> empty
Rule 40    StateVirguleIdentifierStar -> VIRGULE StateIdentifier StateVirguleIdentifierStar
Rule 41    StatePathIdentifier -> IDENTIFIER
Rule 42    PointStatePathIdentifierStar -> empty
Rule 43    PointStatePathIdentifierStar -> POINT StatePathIdentifier PointStatePathIdentifierStar
Rule 44    StatePath -> StatePathIdentifier PointStatePathIdentifierStar
Rule 45    StatePathNot -> StatePathIdentifier PointStatePathIdentifierStar
Rule 46    AndStatePath -> StatePathIdentifier PointStatePathIdentifierStar
Rule 47    AndStatePathNot -> StatePathIdentifier PointStatePathIdentifierStar
Rule 48    OrStatePathNot -> StatePathIdentifier PointStatePathIdentifierStar
Rule 49    OrStatePath -> StatePathIdentifier PointStatePathIdentifierStar
Rule 50    AtomicObserver -> StatePath
Rule 51    AtomicObserver -> LEFTBRACKET Observer RIGHTBRACKET
Rule 52    AtomicObserverNot -> StatePathNot
Rule 53    AtomicObserverNot -> LEFTBRACKET Observer RIGHTBRACKET
Rule 54    ObserverNot -> NOT AtomicObserverNot
Rule 55    ObserverNot -> AtomicObserver
Rule 56    OrAtomicObserver -> OrStatePath
Rule 57    OrAtomicObserver -> LEFTBRACKET Observer RIGHTBRACKET
Rule 58    OrAtomicObserverNot -> OrStatePathNot
Rule 59    OrAtomicObserverNot -> LEFTBRACKET Observer RIGHTBRACKET
Rule 60    AndAtomicObserverNot -> AndStatePathNot
Rule 61    AndAtomicObserverNot -> LEFTBRACKET Observer RIGHTBRACKET
Rule 62    AndAtomicObserver -> AndStatePath
Rule 63    AndAtomicObserver -> LEFTBRACKET Observer RIGHTBRACKET
Rule 64    AndObserverNot -> NOT AndAtomicObserverNot
Rule 65    AndObserverNot -> AndAtomicObserver
Rule 66    AndObserverNotStar -> empty
Rule 67    AndObserverNotStar -> AND AndObserverNot AndObserverNotStar
Rule 68    ObserverAnd -> ObserverNot AndObserverNotStar
Rule 69    OrObserverNot -> NOT OrAtomicObserverNot
Rule 70    OrObserverNot -> OrAtomicObserver
Rule 71    OrObserverAnd -> OrObserverNot AndObserverNotStar
Rule 72    OrObserverAndStar -> empty
Rule 73    OrObserverAndStar -> OR OrObserverAnd OrObserverAndStar
Rule 74    ObserverOr -> ObserverAnd OrObserverAndStar
Rule 75    ObserverIdentifier -> IDENTIFIER
Rule 76    Observer -> ObserverIdentifier DEUXPOINTS ObserverOr
Rule 77    ObserverStar -> empty
Rule 78    ObserverStar -> Observer ObserverStar
Rule 79    ObserverClauseQuestionMark -> empty
Rule 80    ObserverClauseQuestionMark -> OBSERVER ObserverStar
Rule 81    InternalBlockBody -> ComposedBlockClause EventClauseInBlock SynchronizationClause ObserverClauseQuestionMark
Rule 82    BasicBlockBody -> StateClause EventClauseInClass TransitionClause ObserverClauseQuestionMark
Rule 83    BlockBody -> BasicBlockBody
Rule 84    BlockBody -> InternalBlockBody
Rule 85    EndBlock -> END
Rule 86    EndClass -> END
Rule 87    Class -> CLASS ClassIdentifier BlockBody EndClass
Rule 88    Block -> BLOCK BlockIdentifier BlockBody EndBlock
Rule 89    Model -> Block Model
Rule 90    Model -> Class Model
Rule 91    Model -> empty

Terminals, with rules where they appear

AND                  : 67
ANDCOMMERCIAL        : 6
BLOCK                : 88
CLASS                : 87
DEUXPOINTS           : 7 23 76
END                  : 85 86
EVENT                : 30 32
FLECHE               : 23
IDENTIFIER           : 2 3 4 4 8 13 14 22 24 25 26 31 35 41 75
LEFTBRACKET          : 51 53 57 59 61 63
NOT                  : 54 64 69
OBSERVER             : 80
OR                   : 73
POINT                : 4 43
RIGHTBRACKET         : 51 53 57 59 61 63
STATE                : 36
SYNCHRONIZATION      : 12
TRANSITION           : 29
VIRGULE              : 16 34 38 40
error                : 

Nonterminals, with rules where they appear

AndAtomicObserver    : 65
AndAtomicObserverNot : 64
AndCommercialEvenPathStar : 6 7
AndObserverNot       : 67
AndObserverNotStar   : 67 68 71
AndStatePath         : 62
AndStatePathNot      : 60
AtomicObserver       : 55
AtomicObserverNot    : 54
BasicBlockBody       : 83
Block                : 18 20 89
BlockBody            : 87 88
BlockIdentifier      : 88
Class                : 90
ClassIdentifier      : 87
ClassInstance        : 19 21
ClassInstanceIdentifier : 16 17
ClassInstanceVirguleIdentifierStar : 16 17
ClassNameIdentifier  : 17
ComposedBlockClause  : 20 21 81
DestStateIdentifierInTransition : 23
EndBlock             : 88
EndClass             : 87
EventClauseInBlock   : 81
EventClauseInClass   : 82
EventIdentifierInBlock : 32 34
EventIdentifierInClass : 30 38
EventIdentifierInSynchronization : 7
EventIdentifierInTransition : 23
EventPath            : 6 7
EventVirguleIdentifierStarInBlock : 32 34
EventVirguleIdentifierStarInClass : 30 38
InternalBlockBody    : 84
MacroEventDefinition : 9
Model                : 89 90 0
Observer             : 51 53 57 59 61 63 78
ObserverAnd          : 74
ObserverClauseQuestionMark : 81 82
ObserverIdentifier   : 76
ObserverNot          : 68
ObserverOr           : 76
ObserverStar         : 78 80
OrAtomicObserver     : 70
OrAtomicObserverNot  : 69
OrObserverAnd        : 73
OrObserverAndStar    : 73 74
OrObserverNot        : 71
OrStatePath          : 56
OrStatePathNot       : 58
OriginalStateIdentifierInTransition : 23
PointStatePathIdentifierStar : 43 44 45 46 47 48 49
StateClause          : 82
StateIdentifier      : 36 40
StatePath            : 50
StatePathIdentifier  : 43 44 45 46 47 48 49
StatePathNot         : 52
StateVirguleIdentifierStar : 36 40
Synchronization      : 11
SynchronizationClause : 81
SynchronizationStar  : 11 12
Transition           : 28
TransitionClause     : 82
TransitionStar       : 28 29
empty                : 5 10 15 27 33 37 39 42 66 72 77 79 91

Parsing method: LALR

state 0

    (0) S' -> . Model
    (89) Model -> . Block Model
    (90) Model -> . Class Model
    (91) Model -> . empty
    (88) Block -> . BLOCK BlockIdentifier BlockBody EndBlock
    (87) Class -> . CLASS ClassIdentifier BlockBody EndClass
    (1) empty -> .

    BLOCK           shift and go to state 5
    CLASS           shift and go to state 2
    $end            reduce using rule 1 (empty -> .)

    empty                          shift and go to state 1
    Class                          shift and go to state 3
    Block                          shift and go to state 4
    Model                          shift and go to state 6

state 1

    (91) Model -> empty .

    $end            reduce using rule 91 (Model -> empty .)


state 2

    (87) Class -> CLASS . ClassIdentifier BlockBody EndClass
    (2) ClassIdentifier -> . IDENTIFIER

    IDENTIFIER      shift and go to state 7

    ClassIdentifier                shift and go to state 8

state 3

    (90) Model -> Class . Model
    (89) Model -> . Block Model
    (90) Model -> . Class Model
    (91) Model -> . empty
    (88) Block -> . BLOCK BlockIdentifier BlockBody EndBlock
    (87) Class -> . CLASS ClassIdentifier BlockBody EndClass
    (1) empty -> .

    BLOCK           shift and go to state 5
    CLASS           shift and go to state 2
    $end            reduce using rule 1 (empty -> .)

    empty                          shift and go to state 1
    Class                          shift and go to state 3
    Block                          shift and go to state 4
    Model                          shift and go to state 9

state 4

    (89) Model -> Block . Model
    (89) Model -> . Block Model
    (90) Model -> . Class Model
    (91) Model -> . empty
    (88) Block -> . BLOCK BlockIdentifier BlockBody EndBlock
    (87) Class -> . CLASS ClassIdentifier BlockBody EndClass
    (1) empty -> .

    BLOCK           shift and go to state 5
    CLASS           shift and go to state 2
    $end            reduce using rule 1 (empty -> .)

    empty                          shift and go to state 1
    Class                          shift and go to state 3
    Block                          shift and go to state 4
    Model                          shift and go to state 10

state 5

    (88) Block -> BLOCK . BlockIdentifier BlockBody EndBlock
    (3) BlockIdentifier -> . IDENTIFIER

    IDENTIFIER      shift and go to state 11

    BlockIdentifier                shift and go to state 12

state 6

    (0) S' -> Model .



state 7

    (2) ClassIdentifier -> IDENTIFIER .

    STATE           reduce using rule 2 (ClassIdentifier -> IDENTIFIER .)
    BLOCK           reduce using rule 2 (ClassIdentifier -> IDENTIFIER .)
    IDENTIFIER      reduce using rule 2 (ClassIdentifier -> IDENTIFIER .)


state 8

    (87) Class -> CLASS ClassIdentifier . BlockBody EndClass
    (83) BlockBody -> . BasicBlockBody
    (84) BlockBody -> . InternalBlockBody
    (82) BasicBlockBody -> . StateClause EventClauseInClass TransitionClause ObserverClauseQuestionMark
    (81) InternalBlockBody -> . ComposedBlockClause EventClauseInBlock SynchronizationClause ObserverClauseQuestionMark
    (36) StateClause -> . STATE StateIdentifier StateVirguleIdentifierStar
    (18) ComposedBlockClause -> . Block
    (19) ComposedBlockClause -> . ClassInstance
    (20) ComposedBlockClause -> . Block ComposedBlockClause
    (21) ComposedBlockClause -> . ClassInstance ComposedBlockClause
    (88) Block -> . BLOCK BlockIdentifier BlockBody EndBlock
    (17) ClassInstance -> . ClassNameIdentifier ClassInstanceIdentifier ClassInstanceVirguleIdentifierStar
    (13) ClassNameIdentifier -> . IDENTIFIER

    STATE           shift and go to state 16
    BLOCK           shift and go to state 5
    IDENTIFIER      shift and go to state 20

    StateClause                    shift and go to state 17
    ClassInstance                  shift and go to state 13
    BasicBlockBody                 shift and go to state 18
    BlockBody                      shift and go to state 14
    ComposedBlockClause            shift and go to state 19
    ClassNameIdentifier            shift and go to state 15
    InternalBlockBody              shift and go to state 21
    Block                          shift and go to state 22

state 9

    (90) Model -> Class Model .

    $end            reduce using rule 90 (Model -> Class Model .)


state 10

    (89) Model -> Block Model .

    $end            reduce using rule 89 (Model -> Block Model .)


state 11

    (3) BlockIdentifier -> IDENTIFIER .

    STATE           reduce using rule 3 (BlockIdentifier -> IDENTIFIER .)
    BLOCK           reduce using rule 3 (BlockIdentifier -> IDENTIFIER .)
    IDENTIFIER      reduce using rule 3 (BlockIdentifier -> IDENTIFIER .)


state 12

    (88) Block -> BLOCK BlockIdentifier . BlockBody EndBlock
    (83) BlockBody -> . BasicBlockBody
    (84) BlockBody -> . InternalBlockBody
    (82) BasicBlockBody -> . StateClause EventClauseInClass TransitionClause ObserverClauseQuestionMark
    (81) InternalBlockBody -> . ComposedBlockClause EventClauseInBlock SynchronizationClause ObserverClauseQuestionMark
    (36) StateClause -> . STATE StateIdentifier StateVirguleIdentifierStar
    (18) ComposedBlockClause -> . Block
    (19) ComposedBlockClause -> . ClassInstance
    (20) ComposedBlockClause -> . Block ComposedBlockClause
    (21) ComposedBlockClause -> . ClassInstance ComposedBlockClause
    (88) Block -> . BLOCK BlockIdentifier BlockBody EndBlock
    (17) ClassInstance -> . ClassNameIdentifier ClassInstanceIdentifier ClassInstanceVirguleIdentifierStar
    (13) ClassNameIdentifier -> . IDENTIFIER

    STATE           shift and go to state 16
    BLOCK           shift and go to state 5
    IDENTIFIER      shift and go to state 20

    StateClause                    shift and go to state 17
    ClassInstance                  shift and go to state 13
    BasicBlockBody                 shift and go to state 18
    BlockBody                      shift and go to state 23
    ComposedBlockClause            shift and go to state 19
    InternalBlockBody              shift and go to state 21
    Block                          shift and go to state 22
    ClassNameIdentifier            shift and go to state 15

state 13

    (19) ComposedBlockClause -> ClassInstance .
    (21) ComposedBlockClause -> ClassInstance . ComposedBlockClause
    (18) ComposedBlockClause -> . Block
    (19) ComposedBlockClause -> . ClassInstance
    (20) ComposedBlockClause -> . Block ComposedBlockClause
    (21) ComposedBlockClause -> . ClassInstance ComposedBlockClause
    (88) Block -> . BLOCK BlockIdentifier BlockBody EndBlock
    (17) ClassInstance -> . ClassNameIdentifier ClassInstanceIdentifier ClassInstanceVirguleIdentifierStar
    (13) ClassNameIdentifier -> . IDENTIFIER

    EVENT           reduce using rule 19 (ComposedBlockClause -> ClassInstance .)
    BLOCK           shift and go to state 5
    IDENTIFIER      shift and go to state 20

    ComposedBlockClause            shift and go to state 24
    ClassInstance                  shift and go to state 13
    Block                          shift and go to state 22
    ClassNameIdentifier            shift and go to state 15

state 14

    (87) Class -> CLASS ClassIdentifier BlockBody . EndClass
    (86) EndClass -> . END

    END             shift and go to state 26

    EndClass                       shift and go to state 25

state 15

    (17) ClassInstance -> ClassNameIdentifier . ClassInstanceIdentifier ClassInstanceVirguleIdentifierStar
    (14) ClassInstanceIdentifier -> . IDENTIFIER

    IDENTIFIER      shift and go to state 27

    ClassInstanceIdentifier        shift and go to state 28

state 16

    (36) StateClause -> STATE . StateIdentifier StateVirguleIdentifierStar
    (22) StateIdentifier -> . IDENTIFIER

    IDENTIFIER      shift and go to state 30

    StateIdentifier                shift and go to state 29

state 17

    (82) BasicBlockBody -> StateClause . EventClauseInClass TransitionClause ObserverClauseQuestionMark
    (30) EventClauseInClass -> . EVENT EventIdentifierInClass EventVirguleIdentifierStarInClass

    EVENT           shift and go to state 32

    EventClauseInClass             shift and go to state 31

state 18

    (83) BlockBody -> BasicBlockBody .

    END             reduce using rule 83 (BlockBody -> BasicBlockBody .)


state 19

    (81) InternalBlockBody -> ComposedBlockClause . EventClauseInBlock SynchronizationClause ObserverClauseQuestionMark
    (32) EventClauseInBlock -> . EVENT EventIdentifierInBlock EventVirguleIdentifierStarInBlock

    EVENT           shift and go to state 34

    EventClauseInBlock             shift and go to state 33

state 20

    (13) ClassNameIdentifier -> IDENTIFIER .

    IDENTIFIER      reduce using rule 13 (ClassNameIdentifier -> IDENTIFIER .)


state 21

    (84) BlockBody -> InternalBlockBody .

    END             reduce using rule 84 (BlockBody -> InternalBlockBody .)


state 22

    (18) ComposedBlockClause -> Block .
    (20) ComposedBlockClause -> Block . ComposedBlockClause
    (18) ComposedBlockClause -> . Block
    (19) ComposedBlockClause -> . ClassInstance
    (20) ComposedBlockClause -> . Block ComposedBlockClause
    (21) ComposedBlockClause -> . ClassInstance ComposedBlockClause
    (88) Block -> . BLOCK BlockIdentifier BlockBody EndBlock
    (17) ClassInstance -> . ClassNameIdentifier ClassInstanceIdentifier ClassInstanceVirguleIdentifierStar
    (13) ClassNameIdentifier -> . IDENTIFIER

    EVENT           reduce using rule 18 (ComposedBlockClause -> Block .)
    BLOCK           shift and go to state 5
    IDENTIFIER      shift and go to state 20

    ComposedBlockClause            shift and go to state 35
    ClassInstance                  shift and go to state 13
    Block                          shift and go to state 22
    ClassNameIdentifier            shift and go to state 15

state 23

    (88) Block -> BLOCK BlockIdentifier BlockBody . EndBlock
    (85) EndBlock -> . END

    END             shift and go to state 37

    EndBlock                       shift and go to state 36

state 24

    (21) ComposedBlockClause -> ClassInstance ComposedBlockClause .

    EVENT           reduce using rule 21 (ComposedBlockClause -> ClassInstance ComposedBlockClause .)


state 25

    (87) Class -> CLASS ClassIdentifier BlockBody EndClass .

    BLOCK           reduce using rule 87 (Class -> CLASS ClassIdentifier BlockBody EndClass .)
    CLASS           reduce using rule 87 (Class -> CLASS ClassIdentifier BlockBody EndClass .)
    $end            reduce using rule 87 (Class -> CLASS ClassIdentifier BlockBody EndClass .)


state 26

    (86) EndClass -> END .

    BLOCK           reduce using rule 86 (EndClass -> END .)
    CLASS           reduce using rule 86 (EndClass -> END .)
    $end            reduce using rule 86 (EndClass -> END .)


state 27

    (14) ClassInstanceIdentifier -> IDENTIFIER .

    VIRGULE         reduce using rule 14 (ClassInstanceIdentifier -> IDENTIFIER .)
    BLOCK           reduce using rule 14 (ClassInstanceIdentifier -> IDENTIFIER .)
    IDENTIFIER      reduce using rule 14 (ClassInstanceIdentifier -> IDENTIFIER .)
    EVENT           reduce using rule 14 (ClassInstanceIdentifier -> IDENTIFIER .)


state 28

    (17) ClassInstance -> ClassNameIdentifier ClassInstanceIdentifier . ClassInstanceVirguleIdentifierStar
    (15) ClassInstanceVirguleIdentifierStar -> . empty
    (16) ClassInstanceVirguleIdentifierStar -> . VIRGULE ClassInstanceIdentifier ClassInstanceVirguleIdentifierStar
    (1) empty -> .

    VIRGULE         shift and go to state 38
    BLOCK           reduce using rule 1 (empty -> .)
    IDENTIFIER      reduce using rule 1 (empty -> .)
    EVENT           reduce using rule 1 (empty -> .)

    empty                          shift and go to state 39
    ClassInstanceVirguleIdentifierStar shift and go to state 40

state 29

    (36) StateClause -> STATE StateIdentifier . StateVirguleIdentifierStar
    (39) StateVirguleIdentifierStar -> . empty
    (40) StateVirguleIdentifierStar -> . VIRGULE StateIdentifier StateVirguleIdentifierStar
    (1) empty -> .

    VIRGULE         shift and go to state 41
    EVENT           reduce using rule 1 (empty -> .)

    StateVirguleIdentifierStar     shift and go to state 42
    empty                          shift and go to state 43

state 30

    (22) StateIdentifier -> IDENTIFIER .

    VIRGULE         reduce using rule 22 (StateIdentifier -> IDENTIFIER .)
    EVENT           reduce using rule 22 (StateIdentifier -> IDENTIFIER .)


state 31

    (82) BasicBlockBody -> StateClause EventClauseInClass . TransitionClause ObserverClauseQuestionMark
    (29) TransitionClause -> . TRANSITION TransitionStar

    TRANSITION      shift and go to state 45

    TransitionClause               shift and go to state 44

state 32

    (30) EventClauseInClass -> EVENT . EventIdentifierInClass EventVirguleIdentifierStarInClass
    (31) EventIdentifierInClass -> . IDENTIFIER

    IDENTIFIER      shift and go to state 46

    EventIdentifierInClass         shift and go to state 47

state 33

    (81) InternalBlockBody -> ComposedBlockClause EventClauseInBlock . SynchronizationClause ObserverClauseQuestionMark
    (12) SynchronizationClause -> . SYNCHRONIZATION SynchronizationStar

    SYNCHRONIZATION shift and go to state 49

    SynchronizationClause          shift and go to state 48

state 34

    (32) EventClauseInBlock -> EVENT . EventIdentifierInBlock EventVirguleIdentifierStarInBlock
    (35) EventIdentifierInBlock -> . IDENTIFIER

    IDENTIFIER      shift and go to state 50

    EventIdentifierInBlock         shift and go to state 51

state 35

    (20) ComposedBlockClause -> Block ComposedBlockClause .

    EVENT           reduce using rule 20 (ComposedBlockClause -> Block ComposedBlockClause .)


state 36

    (88) Block -> BLOCK BlockIdentifier BlockBody EndBlock .

    BLOCK           reduce using rule 88 (Block -> BLOCK BlockIdentifier BlockBody EndBlock .)
    IDENTIFIER      reduce using rule 88 (Block -> BLOCK BlockIdentifier BlockBody EndBlock .)
    EVENT           reduce using rule 88 (Block -> BLOCK BlockIdentifier BlockBody EndBlock .)
    CLASS           reduce using rule 88 (Block -> BLOCK BlockIdentifier BlockBody EndBlock .)
    $end            reduce using rule 88 (Block -> BLOCK BlockIdentifier BlockBody EndBlock .)


state 37

    (85) EndBlock -> END .

    BLOCK           reduce using rule 85 (EndBlock -> END .)
    CLASS           reduce using rule 85 (EndBlock -> END .)
    $end            reduce using rule 85 (EndBlock -> END .)
    IDENTIFIER      reduce using rule 85 (EndBlock -> END .)
    EVENT           reduce using rule 85 (EndBlock -> END .)


state 38

    (16) ClassInstanceVirguleIdentifierStar -> VIRGULE . ClassInstanceIdentifier ClassInstanceVirguleIdentifierStar
    (14) ClassInstanceIdentifier -> . IDENTIFIER

    IDENTIFIER      shift and go to state 27

    ClassInstanceIdentifier        shift and go to state 52

state 39

    (15) ClassInstanceVirguleIdentifierStar -> empty .

    BLOCK           reduce using rule 15 (ClassInstanceVirguleIdentifierStar -> empty .)
    IDENTIFIER      reduce using rule 15 (ClassInstanceVirguleIdentifierStar -> empty .)
    EVENT           reduce using rule 15 (ClassInstanceVirguleIdentifierStar -> empty .)


state 40

    (17) ClassInstance -> ClassNameIdentifier ClassInstanceIdentifier ClassInstanceVirguleIdentifierStar .

    BLOCK           reduce using rule 17 (ClassInstance -> ClassNameIdentifier ClassInstanceIdentifier ClassInstanceVirguleIdentifierStar .)
    IDENTIFIER      reduce using rule 17 (ClassInstance -> ClassNameIdentifier ClassInstanceIdentifier ClassInstanceVirguleIdentifierStar .)
    EVENT           reduce using rule 17 (ClassInstance -> ClassNameIdentifier ClassInstanceIdentifier ClassInstanceVirguleIdentifierStar .)


state 41

    (40) StateVirguleIdentifierStar -> VIRGULE . StateIdentifier StateVirguleIdentifierStar
    (22) StateIdentifier -> . IDENTIFIER

    IDENTIFIER      shift and go to state 30

    StateIdentifier                shift and go to state 53

state 42

    (36) StateClause -> STATE StateIdentifier StateVirguleIdentifierStar .

    EVENT           reduce using rule 36 (StateClause -> STATE StateIdentifier StateVirguleIdentifierStar .)


state 43

    (39) StateVirguleIdentifierStar -> empty .

    EVENT           reduce using rule 39 (StateVirguleIdentifierStar -> empty .)


state 44

    (82) BasicBlockBody -> StateClause EventClauseInClass TransitionClause . ObserverClauseQuestionMark
    (79) ObserverClauseQuestionMark -> . empty
    (80) ObserverClauseQuestionMark -> . OBSERVER ObserverStar
    (1) empty -> .

    OBSERVER        shift and go to state 54
    END             reduce using rule 1 (empty -> .)

    ObserverClauseQuestionMark     shift and go to state 55
    empty                          shift and go to state 56

state 45

    (29) TransitionClause -> TRANSITION . TransitionStar
    (27) TransitionStar -> . empty
    (28) TransitionStar -> . Transition TransitionStar
    (1) empty -> .
    (23) Transition -> . EventIdentifierInTransition DEUXPOINTS OriginalStateIdentifierInTransition FLECHE DestStateIdentifierInTransition
    (26) EventIdentifierInTransition -> . IDENTIFIER

    OBSERVER        reduce using rule 1 (empty -> .)
    END             reduce using rule 1 (empty -> .)
    IDENTIFIER      shift and go to state 59

    EventIdentifierInTransition    shift and go to state 57
    TransitionStar                 shift and go to state 58
    empty                          shift and go to state 60
    Transition                     shift and go to state 61

state 46

    (31) EventIdentifierInClass -> IDENTIFIER .

    VIRGULE         reduce using rule 31 (EventIdentifierInClass -> IDENTIFIER .)
    TRANSITION      reduce using rule 31 (EventIdentifierInClass -> IDENTIFIER .)


state 47

    (30) EventClauseInClass -> EVENT EventIdentifierInClass . EventVirguleIdentifierStarInClass
    (37) EventVirguleIdentifierStarInClass -> . empty
    (38) EventVirguleIdentifierStarInClass -> . VIRGULE EventIdentifierInClass EventVirguleIdentifierStarInClass
    (1) empty -> .

    VIRGULE         shift and go to state 64
    TRANSITION      reduce using rule 1 (empty -> .)

    EventVirguleIdentifierStarInClass shift and go to state 62
    empty                          shift and go to state 63

state 48

    (81) InternalBlockBody -> ComposedBlockClause EventClauseInBlock SynchronizationClause . ObserverClauseQuestionMark
    (79) ObserverClauseQuestionMark -> . empty
    (80) ObserverClauseQuestionMark -> . OBSERVER ObserverStar
    (1) empty -> .

    OBSERVER        shift and go to state 54
    END             reduce using rule 1 (empty -> .)

    ObserverClauseQuestionMark     shift and go to state 65
    empty                          shift and go to state 56

state 49

    (12) SynchronizationClause -> SYNCHRONIZATION . SynchronizationStar
    (10) SynchronizationStar -> . empty
    (11) SynchronizationStar -> . Synchronization SynchronizationStar
    (1) empty -> .
    (9) Synchronization -> . MacroEventDefinition
    (7) MacroEventDefinition -> . EventIdentifierInSynchronization DEUXPOINTS EventPath AndCommercialEvenPathStar
    (8) EventIdentifierInSynchronization -> . IDENTIFIER

    OBSERVER        reduce using rule 1 (empty -> .)
    END             reduce using rule 1 (empty -> .)
    IDENTIFIER      shift and go to state 69

    MacroEventDefinition           shift and go to state 66
    EventIdentifierInSynchronization shift and go to state 67
    SynchronizationStar            shift and go to state 68
    empty                          shift and go to state 70
    Synchronization                shift and go to state 71

state 50

    (35) EventIdentifierInBlock -> IDENTIFIER .

    VIRGULE         reduce using rule 35 (EventIdentifierInBlock -> IDENTIFIER .)
    SYNCHRONIZATION reduce using rule 35 (EventIdentifierInBlock -> IDENTIFIER .)


state 51

    (32) EventClauseInBlock -> EVENT EventIdentifierInBlock . EventVirguleIdentifierStarInBlock
    (33) EventVirguleIdentifierStarInBlock -> . empty
    (34) EventVirguleIdentifierStarInBlock -> . VIRGULE EventIdentifierInBlock EventVirguleIdentifierStarInBlock
    (1) empty -> .

    VIRGULE         shift and go to state 73
    SYNCHRONIZATION reduce using rule 1 (empty -> .)

    EventVirguleIdentifierStarInBlock shift and go to state 72
    empty                          shift and go to state 74

state 52

    (16) ClassInstanceVirguleIdentifierStar -> VIRGULE ClassInstanceIdentifier . ClassInstanceVirguleIdentifierStar
    (15) ClassInstanceVirguleIdentifierStar -> . empty
    (16) ClassInstanceVirguleIdentifierStar -> . VIRGULE ClassInstanceIdentifier ClassInstanceVirguleIdentifierStar
    (1) empty -> .

    VIRGULE         shift and go to state 38
    BLOCK           reduce using rule 1 (empty -> .)
    IDENTIFIER      reduce using rule 1 (empty -> .)
    EVENT           reduce using rule 1 (empty -> .)

    empty                          shift and go to state 39
    ClassInstanceVirguleIdentifierStar shift and go to state 75

state 53

    (40) StateVirguleIdentifierStar -> VIRGULE StateIdentifier . StateVirguleIdentifierStar
    (39) StateVirguleIdentifierStar -> . empty
    (40) StateVirguleIdentifierStar -> . VIRGULE StateIdentifier StateVirguleIdentifierStar
    (1) empty -> .

    VIRGULE         shift and go to state 41
    EVENT           reduce using rule 1 (empty -> .)

    StateVirguleIdentifierStar     shift and go to state 76
    empty                          shift and go to state 43

state 54

    (80) ObserverClauseQuestionMark -> OBSERVER . ObserverStar
    (77) ObserverStar -> . empty
    (78) ObserverStar -> . Observer ObserverStar
    (1) empty -> .
    (76) Observer -> . ObserverIdentifier DEUXPOINTS ObserverOr
    (75) ObserverIdentifier -> . IDENTIFIER

    END             reduce using rule 1 (empty -> .)
    IDENTIFIER      shift and go to state 80

    empty                          shift and go to state 78
    ObserverIdentifier             shift and go to state 77
    Observer                       shift and go to state 81
    ObserverStar                   shift and go to state 79

state 55

    (82) BasicBlockBody -> StateClause EventClauseInClass TransitionClause ObserverClauseQuestionMark .

    END             reduce using rule 82 (BasicBlockBody -> StateClause EventClauseInClass TransitionClause ObserverClauseQuestionMark .)


state 56

    (79) ObserverClauseQuestionMark -> empty .

    END             reduce using rule 79 (ObserverClauseQuestionMark -> empty .)


state 57

    (23) Transition -> EventIdentifierInTransition . DEUXPOINTS OriginalStateIdentifierInTransition FLECHE DestStateIdentifierInTransition

    DEUXPOINTS      shift and go to state 82


state 58

    (29) TransitionClause -> TRANSITION TransitionStar .

    OBSERVER        reduce using rule 29 (TransitionClause -> TRANSITION TransitionStar .)
    END             reduce using rule 29 (TransitionClause -> TRANSITION TransitionStar .)


state 59

    (26) EventIdentifierInTransition -> IDENTIFIER .

    DEUXPOINTS      reduce using rule 26 (EventIdentifierInTransition -> IDENTIFIER .)


state 60

    (27) TransitionStar -> empty .

    OBSERVER        reduce using rule 27 (TransitionStar -> empty .)
    END             reduce using rule 27 (TransitionStar -> empty .)


state 61

    (28) TransitionStar -> Transition . TransitionStar
    (27) TransitionStar -> . empty
    (28) TransitionStar -> . Transition TransitionStar
    (1) empty -> .
    (23) Transition -> . EventIdentifierInTransition DEUXPOINTS OriginalStateIdentifierInTransition FLECHE DestStateIdentifierInTransition
    (26) EventIdentifierInTransition -> . IDENTIFIER

    OBSERVER        reduce using rule 1 (empty -> .)
    END             reduce using rule 1 (empty -> .)
    IDENTIFIER      shift and go to state 59

    EventIdentifierInTransition    shift and go to state 57
    TransitionStar                 shift and go to state 83
    empty                          shift and go to state 60
    Transition                     shift and go to state 61

state 62

    (30) EventClauseInClass -> EVENT EventIdentifierInClass EventVirguleIdentifierStarInClass .

    TRANSITION      reduce using rule 30 (EventClauseInClass -> EVENT EventIdentifierInClass EventVirguleIdentifierStarInClass .)


state 63

    (37) EventVirguleIdentifierStarInClass -> empty .

    TRANSITION      reduce using rule 37 (EventVirguleIdentifierStarInClass -> empty .)


state 64

    (38) EventVirguleIdentifierStarInClass -> VIRGULE . EventIdentifierInClass EventVirguleIdentifierStarInClass
    (31) EventIdentifierInClass -> . IDENTIFIER

    IDENTIFIER      shift and go to state 46

    EventIdentifierInClass         shift and go to state 84

state 65

    (81) InternalBlockBody -> ComposedBlockClause EventClauseInBlock SynchronizationClause ObserverClauseQuestionMark .

    END             reduce using rule 81 (InternalBlockBody -> ComposedBlockClause EventClauseInBlock SynchronizationClause ObserverClauseQuestionMark .)


state 66

    (9) Synchronization -> MacroEventDefinition .

    IDENTIFIER      reduce using rule 9 (Synchronization -> MacroEventDefinition .)
    OBSERVER        reduce using rule 9 (Synchronization -> MacroEventDefinition .)
    END             reduce using rule 9 (Synchronization -> MacroEventDefinition .)


state 67

    (7) MacroEventDefinition -> EventIdentifierInSynchronization . DEUXPOINTS EventPath AndCommercialEvenPathStar

    DEUXPOINTS      shift and go to state 85


state 68

    (12) SynchronizationClause -> SYNCHRONIZATION SynchronizationStar .

    OBSERVER        reduce using rule 12 (SynchronizationClause -> SYNCHRONIZATION SynchronizationStar .)
    END             reduce using rule 12 (SynchronizationClause -> SYNCHRONIZATION SynchronizationStar .)


state 69

    (8) EventIdentifierInSynchronization -> IDENTIFIER .

    DEUXPOINTS      reduce using rule 8 (EventIdentifierInSynchronization -> IDENTIFIER .)


state 70

    (10) SynchronizationStar -> empty .

    OBSERVER        reduce using rule 10 (SynchronizationStar -> empty .)
    END             reduce using rule 10 (SynchronizationStar -> empty .)


state 71

    (11) SynchronizationStar -> Synchronization . SynchronizationStar
    (10) SynchronizationStar -> . empty
    (11) SynchronizationStar -> . Synchronization SynchronizationStar
    (1) empty -> .
    (9) Synchronization -> . MacroEventDefinition
    (7) MacroEventDefinition -> . EventIdentifierInSynchronization DEUXPOINTS EventPath AndCommercialEvenPathStar
    (8) EventIdentifierInSynchronization -> . IDENTIFIER

    OBSERVER        reduce using rule 1 (empty -> .)
    END             reduce using rule 1 (empty -> .)
    IDENTIFIER      shift and go to state 69

    MacroEventDefinition           shift and go to state 66
    EventIdentifierInSynchronization shift and go to state 67
    SynchronizationStar            shift and go to state 86
    empty                          shift and go to state 70
    Synchronization                shift and go to state 71

state 72

    (32) EventClauseInBlock -> EVENT EventIdentifierInBlock EventVirguleIdentifierStarInBlock .

    SYNCHRONIZATION reduce using rule 32 (EventClauseInBlock -> EVENT EventIdentifierInBlock EventVirguleIdentifierStarInBlock .)


state 73

    (34) EventVirguleIdentifierStarInBlock -> VIRGULE . EventIdentifierInBlock EventVirguleIdentifierStarInBlock
    (35) EventIdentifierInBlock -> . IDENTIFIER

    IDENTIFIER      shift and go to state 50

    EventIdentifierInBlock         shift and go to state 87

state 74

    (33) EventVirguleIdentifierStarInBlock -> empty .

    SYNCHRONIZATION reduce using rule 33 (EventVirguleIdentifierStarInBlock -> empty .)


state 75

    (16) ClassInstanceVirguleIdentifierStar -> VIRGULE ClassInstanceIdentifier ClassInstanceVirguleIdentifierStar .

    BLOCK           reduce using rule 16 (ClassInstanceVirguleIdentifierStar -> VIRGULE ClassInstanceIdentifier ClassInstanceVirguleIdentifierStar .)
    IDENTIFIER      reduce using rule 16 (ClassInstanceVirguleIdentifierStar -> VIRGULE ClassInstanceIdentifier ClassInstanceVirguleIdentifierStar .)
    EVENT           reduce using rule 16 (ClassInstanceVirguleIdentifierStar -> VIRGULE ClassInstanceIdentifier ClassInstanceVirguleIdentifierStar .)


state 76

    (40) StateVirguleIdentifierStar -> VIRGULE StateIdentifier StateVirguleIdentifierStar .

    EVENT           reduce using rule 40 (StateVirguleIdentifierStar -> VIRGULE StateIdentifier StateVirguleIdentifierStar .)


state 77

    (76) Observer -> ObserverIdentifier . DEUXPOINTS ObserverOr

    DEUXPOINTS      shift and go to state 88


state 78

    (77) ObserverStar -> empty .

    END             reduce using rule 77 (ObserverStar -> empty .)


state 79

    (80) ObserverClauseQuestionMark -> OBSERVER ObserverStar .

    END             reduce using rule 80 (ObserverClauseQuestionMark -> OBSERVER ObserverStar .)


state 80

    (75) ObserverIdentifier -> IDENTIFIER .

    DEUXPOINTS      reduce using rule 75 (ObserverIdentifier -> IDENTIFIER .)


state 81

    (78) ObserverStar -> Observer . ObserverStar
    (77) ObserverStar -> . empty
    (78) ObserverStar -> . Observer ObserverStar
    (1) empty -> .
    (76) Observer -> . ObserverIdentifier DEUXPOINTS ObserverOr
    (75) ObserverIdentifier -> . IDENTIFIER

    END             reduce using rule 1 (empty -> .)
    IDENTIFIER      shift and go to state 80

    Observer                       shift and go to state 81
    ObserverIdentifier             shift and go to state 77
    empty                          shift and go to state 78
    ObserverStar                   shift and go to state 89

state 82

    (23) Transition -> EventIdentifierInTransition DEUXPOINTS . OriginalStateIdentifierInTransition FLECHE DestStateIdentifierInTransition
    (24) OriginalStateIdentifierInTransition -> . IDENTIFIER

    IDENTIFIER      shift and go to state 91

    OriginalStateIdentifierInTransition shift and go to state 90

state 83

    (28) TransitionStar -> Transition TransitionStar .

    OBSERVER        reduce using rule 28 (TransitionStar -> Transition TransitionStar .)
    END             reduce using rule 28 (TransitionStar -> Transition TransitionStar .)


state 84

    (38) EventVirguleIdentifierStarInClass -> VIRGULE EventIdentifierInClass . EventVirguleIdentifierStarInClass
    (37) EventVirguleIdentifierStarInClass -> . empty
    (38) EventVirguleIdentifierStarInClass -> . VIRGULE EventIdentifierInClass EventVirguleIdentifierStarInClass
    (1) empty -> .

    VIRGULE         shift and go to state 64
    TRANSITION      reduce using rule 1 (empty -> .)

    EventVirguleIdentifierStarInClass shift and go to state 92
    empty                          shift and go to state 63

state 85

    (7) MacroEventDefinition -> EventIdentifierInSynchronization DEUXPOINTS . EventPath AndCommercialEvenPathStar
    (4) EventPath -> . IDENTIFIER POINT IDENTIFIER

    IDENTIFIER      shift and go to state 94

    EventPath                      shift and go to state 93

state 86

    (11) SynchronizationStar -> Synchronization SynchronizationStar .

    OBSERVER        reduce using rule 11 (SynchronizationStar -> Synchronization SynchronizationStar .)
    END             reduce using rule 11 (SynchronizationStar -> Synchronization SynchronizationStar .)


state 87

    (34) EventVirguleIdentifierStarInBlock -> VIRGULE EventIdentifierInBlock . EventVirguleIdentifierStarInBlock
    (33) EventVirguleIdentifierStarInBlock -> . empty
    (34) EventVirguleIdentifierStarInBlock -> . VIRGULE EventIdentifierInBlock EventVirguleIdentifierStarInBlock
    (1) empty -> .

    VIRGULE         shift and go to state 73
    SYNCHRONIZATION reduce using rule 1 (empty -> .)

    EventVirguleIdentifierStarInBlock shift and go to state 95
    empty                          shift and go to state 74

state 88

    (76) Observer -> ObserverIdentifier DEUXPOINTS . ObserverOr
    (74) ObserverOr -> . ObserverAnd OrObserverAndStar
    (68) ObserverAnd -> . ObserverNot AndObserverNotStar
    (54) ObserverNot -> . NOT AtomicObserverNot
    (55) ObserverNot -> . AtomicObserver
    (50) AtomicObserver -> . StatePath
    (51) AtomicObserver -> . LEFTBRACKET Observer RIGHTBRACKET
    (44) StatePath -> . StatePathIdentifier PointStatePathIdentifierStar
    (41) StatePathIdentifier -> . IDENTIFIER

    NOT             shift and go to state 98
    LEFTBRACKET     shift and go to state 104
    IDENTIFIER      shift and go to state 103

    StatePathIdentifier            shift and go to state 96
    StatePath                      shift and go to state 97
    ObserverOr                     shift and go to state 99
    ObserverAnd                    shift and go to state 100
    AtomicObserver                 shift and go to state 101
    ObserverNot                    shift and go to state 102

state 89

    (78) ObserverStar -> Observer ObserverStar .

    END             reduce using rule 78 (ObserverStar -> Observer ObserverStar .)


state 90

    (23) Transition -> EventIdentifierInTransition DEUXPOINTS OriginalStateIdentifierInTransition . FLECHE DestStateIdentifierInTransition

    FLECHE          shift and go to state 105


state 91

    (24) OriginalStateIdentifierInTransition -> IDENTIFIER .

    FLECHE          reduce using rule 24 (OriginalStateIdentifierInTransition -> IDENTIFIER .)


state 92

    (38) EventVirguleIdentifierStarInClass -> VIRGULE EventIdentifierInClass EventVirguleIdentifierStarInClass .

    TRANSITION      reduce using rule 38 (EventVirguleIdentifierStarInClass -> VIRGULE EventIdentifierInClass EventVirguleIdentifierStarInClass .)


state 93

    (7) MacroEventDefinition -> EventIdentifierInSynchronization DEUXPOINTS EventPath . AndCommercialEvenPathStar
    (5) AndCommercialEvenPathStar -> . empty
    (6) AndCommercialEvenPathStar -> . ANDCOMMERCIAL EventPath AndCommercialEvenPathStar
    (1) empty -> .

    ANDCOMMERCIAL   shift and go to state 107
    IDENTIFIER      reduce using rule 1 (empty -> .)
    OBSERVER        reduce using rule 1 (empty -> .)
    END             reduce using rule 1 (empty -> .)

    empty                          shift and go to state 108
    AndCommercialEvenPathStar      shift and go to state 106

state 94

    (4) EventPath -> IDENTIFIER . POINT IDENTIFIER

    POINT           shift and go to state 109


state 95

    (34) EventVirguleIdentifierStarInBlock -> VIRGULE EventIdentifierInBlock EventVirguleIdentifierStarInBlock .

    SYNCHRONIZATION reduce using rule 34 (EventVirguleIdentifierStarInBlock -> VIRGULE EventIdentifierInBlock EventVirguleIdentifierStarInBlock .)


state 96

    (44) StatePath -> StatePathIdentifier . PointStatePathIdentifierStar
    (42) PointStatePathIdentifierStar -> . empty
    (43) PointStatePathIdentifierStar -> . POINT StatePathIdentifier PointStatePathIdentifierStar
    (1) empty -> .

    POINT           shift and go to state 110
    AND             reduce using rule 1 (empty -> .)
    OR              reduce using rule 1 (empty -> .)
    IDENTIFIER      reduce using rule 1 (empty -> .)
    END             reduce using rule 1 (empty -> .)
    RIGHTBRACKET    reduce using rule 1 (empty -> .)

    PointStatePathIdentifierStar   shift and go to state 111
    empty                          shift and go to state 112

state 97

    (50) AtomicObserver -> StatePath .

    AND             reduce using rule 50 (AtomicObserver -> StatePath .)
    OR              reduce using rule 50 (AtomicObserver -> StatePath .)
    IDENTIFIER      reduce using rule 50 (AtomicObserver -> StatePath .)
    END             reduce using rule 50 (AtomicObserver -> StatePath .)
    RIGHTBRACKET    reduce using rule 50 (AtomicObserver -> StatePath .)


state 98

    (54) ObserverNot -> NOT . AtomicObserverNot
    (52) AtomicObserverNot -> . StatePathNot
    (53) AtomicObserverNot -> . LEFTBRACKET Observer RIGHTBRACKET
    (45) StatePathNot -> . StatePathIdentifier PointStatePathIdentifierStar
    (41) StatePathIdentifier -> . IDENTIFIER

    LEFTBRACKET     shift and go to state 115
    IDENTIFIER      shift and go to state 103

    StatePathIdentifier            shift and go to state 113
    AtomicObserverNot              shift and go to state 114
    StatePathNot                   shift and go to state 116

state 99

    (76) Observer -> ObserverIdentifier DEUXPOINTS ObserverOr .

    RIGHTBRACKET    reduce using rule 76 (Observer -> ObserverIdentifier DEUXPOINTS ObserverOr .)
    IDENTIFIER      reduce using rule 76 (Observer -> ObserverIdentifier DEUXPOINTS ObserverOr .)
    END             reduce using rule 76 (Observer -> ObserverIdentifier DEUXPOINTS ObserverOr .)


state 100

    (74) ObserverOr -> ObserverAnd . OrObserverAndStar
    (72) OrObserverAndStar -> . empty
    (73) OrObserverAndStar -> . OR OrObserverAnd OrObserverAndStar
    (1) empty -> .

    OR              shift and go to state 119
    IDENTIFIER      reduce using rule 1 (empty -> .)
    END             reduce using rule 1 (empty -> .)
    RIGHTBRACKET    reduce using rule 1 (empty -> .)

    OrObserverAndStar              shift and go to state 117
    empty                          shift and go to state 118

state 101

    (55) ObserverNot -> AtomicObserver .

    AND             reduce using rule 55 (ObserverNot -> AtomicObserver .)
    OR              reduce using rule 55 (ObserverNot -> AtomicObserver .)
    IDENTIFIER      reduce using rule 55 (ObserverNot -> AtomicObserver .)
    END             reduce using rule 55 (ObserverNot -> AtomicObserver .)
    RIGHTBRACKET    reduce using rule 55 (ObserverNot -> AtomicObserver .)


state 102

    (68) ObserverAnd -> ObserverNot . AndObserverNotStar
    (66) AndObserverNotStar -> . empty
    (67) AndObserverNotStar -> . AND AndObserverNot AndObserverNotStar
    (1) empty -> .

    AND             shift and go to state 120
    OR              reduce using rule 1 (empty -> .)
    IDENTIFIER      reduce using rule 1 (empty -> .)
    END             reduce using rule 1 (empty -> .)
    RIGHTBRACKET    reduce using rule 1 (empty -> .)

    empty                          shift and go to state 121
    AndObserverNotStar             shift and go to state 122

state 103

    (41) StatePathIdentifier -> IDENTIFIER .

    POINT           reduce using rule 41 (StatePathIdentifier -> IDENTIFIER .)
    AND             reduce using rule 41 (StatePathIdentifier -> IDENTIFIER .)
    OR              reduce using rule 41 (StatePathIdentifier -> IDENTIFIER .)
    IDENTIFIER      reduce using rule 41 (StatePathIdentifier -> IDENTIFIER .)
    END             reduce using rule 41 (StatePathIdentifier -> IDENTIFIER .)
    RIGHTBRACKET    reduce using rule 41 (StatePathIdentifier -> IDENTIFIER .)


state 104

    (51) AtomicObserver -> LEFTBRACKET . Observer RIGHTBRACKET
    (76) Observer -> . ObserverIdentifier DEUXPOINTS ObserverOr
    (75) ObserverIdentifier -> . IDENTIFIER

    IDENTIFIER      shift and go to state 80

    Observer                       shift and go to state 123
    ObserverIdentifier             shift and go to state 77

state 105

    (23) Transition -> EventIdentifierInTransition DEUXPOINTS OriginalStateIdentifierInTransition FLECHE . DestStateIdentifierInTransition
    (25) DestStateIdentifierInTransition -> . IDENTIFIER

    IDENTIFIER      shift and go to state 125

    DestStateIdentifierInTransition shift and go to state 124

state 106

    (7) MacroEventDefinition -> EventIdentifierInSynchronization DEUXPOINTS EventPath AndCommercialEvenPathStar .

    IDENTIFIER      reduce using rule 7 (MacroEventDefinition -> EventIdentifierInSynchronization DEUXPOINTS EventPath AndCommercialEvenPathStar .)
    OBSERVER        reduce using rule 7 (MacroEventDefinition -> EventIdentifierInSynchronization DEUXPOINTS EventPath AndCommercialEvenPathStar .)
    END             reduce using rule 7 (MacroEventDefinition -> EventIdentifierInSynchronization DEUXPOINTS EventPath AndCommercialEvenPathStar .)


state 107

    (6) AndCommercialEvenPathStar -> ANDCOMMERCIAL . EventPath AndCommercialEvenPathStar
    (4) EventPath -> . IDENTIFIER POINT IDENTIFIER

    IDENTIFIER      shift and go to state 94

    EventPath                      shift and go to state 126

state 108

    (5) AndCommercialEvenPathStar -> empty .

    IDENTIFIER      reduce using rule 5 (AndCommercialEvenPathStar -> empty .)
    OBSERVER        reduce using rule 5 (AndCommercialEvenPathStar -> empty .)
    END             reduce using rule 5 (AndCommercialEvenPathStar -> empty .)


state 109

    (4) EventPath -> IDENTIFIER POINT . IDENTIFIER

    IDENTIFIER      shift and go to state 127


state 110

    (43) PointStatePathIdentifierStar -> POINT . StatePathIdentifier PointStatePathIdentifierStar
    (41) StatePathIdentifier -> . IDENTIFIER

    IDENTIFIER      shift and go to state 103

    StatePathIdentifier            shift and go to state 128

state 111

    (44) StatePath -> StatePathIdentifier PointStatePathIdentifierStar .

    AND             reduce using rule 44 (StatePath -> StatePathIdentifier PointStatePathIdentifierStar .)
    OR              reduce using rule 44 (StatePath -> StatePathIdentifier PointStatePathIdentifierStar .)
    IDENTIFIER      reduce using rule 44 (StatePath -> StatePathIdentifier PointStatePathIdentifierStar .)
    END             reduce using rule 44 (StatePath -> StatePathIdentifier PointStatePathIdentifierStar .)
    RIGHTBRACKET    reduce using rule 44 (StatePath -> StatePathIdentifier PointStatePathIdentifierStar .)


state 112

    (42) PointStatePathIdentifierStar -> empty .

    AND             reduce using rule 42 (PointStatePathIdentifierStar -> empty .)
    OR              reduce using rule 42 (PointStatePathIdentifierStar -> empty .)
    IDENTIFIER      reduce using rule 42 (PointStatePathIdentifierStar -> empty .)
    END             reduce using rule 42 (PointStatePathIdentifierStar -> empty .)
    RIGHTBRACKET    reduce using rule 42 (PointStatePathIdentifierStar -> empty .)


state 113

    (45) StatePathNot -> StatePathIdentifier . PointStatePathIdentifierStar
    (42) PointStatePathIdentifierStar -> . empty
    (43) PointStatePathIdentifierStar -> . POINT StatePathIdentifier PointStatePathIdentifierStar
    (1) empty -> .

    POINT           shift and go to state 110
    AND             reduce using rule 1 (empty -> .)
    OR              reduce using rule 1 (empty -> .)
    IDENTIFIER      reduce using rule 1 (empty -> .)
    END             reduce using rule 1 (empty -> .)
    RIGHTBRACKET    reduce using rule 1 (empty -> .)

    PointStatePathIdentifierStar   shift and go to state 129
    empty                          shift and go to state 112

state 114

    (54) ObserverNot -> NOT AtomicObserverNot .

    AND             reduce using rule 54 (ObserverNot -> NOT AtomicObserverNot .)
    OR              reduce using rule 54 (ObserverNot -> NOT AtomicObserverNot .)
    IDENTIFIER      reduce using rule 54 (ObserverNot -> NOT AtomicObserverNot .)
    END             reduce using rule 54 (ObserverNot -> NOT AtomicObserverNot .)
    RIGHTBRACKET    reduce using rule 54 (ObserverNot -> NOT AtomicObserverNot .)


state 115

    (53) AtomicObserverNot -> LEFTBRACKET . Observer RIGHTBRACKET
    (76) Observer -> . ObserverIdentifier DEUXPOINTS ObserverOr
    (75) ObserverIdentifier -> . IDENTIFIER

    IDENTIFIER      shift and go to state 80

    Observer                       shift and go to state 130
    ObserverIdentifier             shift and go to state 77

state 116

    (52) AtomicObserverNot -> StatePathNot .

    AND             reduce using rule 52 (AtomicObserverNot -> StatePathNot .)
    OR              reduce using rule 52 (AtomicObserverNot -> StatePathNot .)
    IDENTIFIER      reduce using rule 52 (AtomicObserverNot -> StatePathNot .)
    END             reduce using rule 52 (AtomicObserverNot -> StatePathNot .)
    RIGHTBRACKET    reduce using rule 52 (AtomicObserverNot -> StatePathNot .)


state 117

    (74) ObserverOr -> ObserverAnd OrObserverAndStar .

    IDENTIFIER      reduce using rule 74 (ObserverOr -> ObserverAnd OrObserverAndStar .)
    END             reduce using rule 74 (ObserverOr -> ObserverAnd OrObserverAndStar .)
    RIGHTBRACKET    reduce using rule 74 (ObserverOr -> ObserverAnd OrObserverAndStar .)


state 118

    (72) OrObserverAndStar -> empty .

    IDENTIFIER      reduce using rule 72 (OrObserverAndStar -> empty .)
    END             reduce using rule 72 (OrObserverAndStar -> empty .)
    RIGHTBRACKET    reduce using rule 72 (OrObserverAndStar -> empty .)


state 119

    (73) OrObserverAndStar -> OR . OrObserverAnd OrObserverAndStar
    (71) OrObserverAnd -> . OrObserverNot AndObserverNotStar
    (69) OrObserverNot -> . NOT OrAtomicObserverNot
    (70) OrObserverNot -> . OrAtomicObserver
    (56) OrAtomicObserver -> . OrStatePath
    (57) OrAtomicObserver -> . LEFTBRACKET Observer RIGHTBRACKET
    (49) OrStatePath -> . StatePathIdentifier PointStatePathIdentifierStar
    (41) StatePathIdentifier -> . IDENTIFIER

    NOT             shift and go to state 134
    LEFTBRACKET     shift and go to state 137
    IDENTIFIER      shift and go to state 103

    StatePathIdentifier            shift and go to state 131
    OrObserverNot                  shift and go to state 132
    OrStatePath                    shift and go to state 133
    OrAtomicObserver               shift and go to state 136
    OrObserverAnd                  shift and go to state 135

state 120

    (67) AndObserverNotStar -> AND . AndObserverNot AndObserverNotStar
    (64) AndObserverNot -> . NOT AndAtomicObserverNot
    (65) AndObserverNot -> . AndAtomicObserver
    (62) AndAtomicObserver -> . AndStatePath
    (63) AndAtomicObserver -> . LEFTBRACKET Observer RIGHTBRACKET
    (46) AndStatePath -> . StatePathIdentifier PointStatePathIdentifierStar
    (41) StatePathIdentifier -> . IDENTIFIER

    NOT             shift and go to state 139
    LEFTBRACKET     shift and go to state 143
    IDENTIFIER      shift and go to state 103

    StatePathIdentifier            shift and go to state 138
    AndStatePath                   shift and go to state 140
    AndAtomicObserver              shift and go to state 141
    AndObserverNot                 shift and go to state 142

state 121

    (66) AndObserverNotStar -> empty .

    OR              reduce using rule 66 (AndObserverNotStar -> empty .)
    IDENTIFIER      reduce using rule 66 (AndObserverNotStar -> empty .)
    END             reduce using rule 66 (AndObserverNotStar -> empty .)
    RIGHTBRACKET    reduce using rule 66 (AndObserverNotStar -> empty .)


state 122

    (68) ObserverAnd -> ObserverNot AndObserverNotStar .

    OR              reduce using rule 68 (ObserverAnd -> ObserverNot AndObserverNotStar .)
    IDENTIFIER      reduce using rule 68 (ObserverAnd -> ObserverNot AndObserverNotStar .)
    END             reduce using rule 68 (ObserverAnd -> ObserverNot AndObserverNotStar .)
    RIGHTBRACKET    reduce using rule 68 (ObserverAnd -> ObserverNot AndObserverNotStar .)


state 123

    (51) AtomicObserver -> LEFTBRACKET Observer . RIGHTBRACKET

    RIGHTBRACKET    shift and go to state 144


state 124

    (23) Transition -> EventIdentifierInTransition DEUXPOINTS OriginalStateIdentifierInTransition FLECHE DestStateIdentifierInTransition .

    IDENTIFIER      reduce using rule 23 (Transition -> EventIdentifierInTransition DEUXPOINTS OriginalStateIdentifierInTransition FLECHE DestStateIdentifierInTransition .)
    OBSERVER        reduce using rule 23 (Transition -> EventIdentifierInTransition DEUXPOINTS OriginalStateIdentifierInTransition FLECHE DestStateIdentifierInTransition .)
    END             reduce using rule 23 (Transition -> EventIdentifierInTransition DEUXPOINTS OriginalStateIdentifierInTransition FLECHE DestStateIdentifierInTransition .)


state 125

    (25) DestStateIdentifierInTransition -> IDENTIFIER .

    IDENTIFIER      reduce using rule 25 (DestStateIdentifierInTransition -> IDENTIFIER .)
    OBSERVER        reduce using rule 25 (DestStateIdentifierInTransition -> IDENTIFIER .)
    END             reduce using rule 25 (DestStateIdentifierInTransition -> IDENTIFIER .)


state 126

    (6) AndCommercialEvenPathStar -> ANDCOMMERCIAL EventPath . AndCommercialEvenPathStar
    (5) AndCommercialEvenPathStar -> . empty
    (6) AndCommercialEvenPathStar -> . ANDCOMMERCIAL EventPath AndCommercialEvenPathStar
    (1) empty -> .

    ANDCOMMERCIAL   shift and go to state 107
    IDENTIFIER      reduce using rule 1 (empty -> .)
    OBSERVER        reduce using rule 1 (empty -> .)
    END             reduce using rule 1 (empty -> .)

    empty                          shift and go to state 108
    AndCommercialEvenPathStar      shift and go to state 145

state 127

    (4) EventPath -> IDENTIFIER POINT IDENTIFIER .

    ANDCOMMERCIAL   reduce using rule 4 (EventPath -> IDENTIFIER POINT IDENTIFIER .)
    IDENTIFIER      reduce using rule 4 (EventPath -> IDENTIFIER POINT IDENTIFIER .)
    OBSERVER        reduce using rule 4 (EventPath -> IDENTIFIER POINT IDENTIFIER .)
    END             reduce using rule 4 (EventPath -> IDENTIFIER POINT IDENTIFIER .)


state 128

    (43) PointStatePathIdentifierStar -> POINT StatePathIdentifier . PointStatePathIdentifierStar
    (42) PointStatePathIdentifierStar -> . empty
    (43) PointStatePathIdentifierStar -> . POINT StatePathIdentifier PointStatePathIdentifierStar
    (1) empty -> .

    POINT           shift and go to state 110
    AND             reduce using rule 1 (empty -> .)
    OR              reduce using rule 1 (empty -> .)
    IDENTIFIER      reduce using rule 1 (empty -> .)
    END             reduce using rule 1 (empty -> .)
    RIGHTBRACKET    reduce using rule 1 (empty -> .)

    PointStatePathIdentifierStar   shift and go to state 146
    empty                          shift and go to state 112

state 129

    (45) StatePathNot -> StatePathIdentifier PointStatePathIdentifierStar .

    AND             reduce using rule 45 (StatePathNot -> StatePathIdentifier PointStatePathIdentifierStar .)
    OR              reduce using rule 45 (StatePathNot -> StatePathIdentifier PointStatePathIdentifierStar .)
    IDENTIFIER      reduce using rule 45 (StatePathNot -> StatePathIdentifier PointStatePathIdentifierStar .)
    END             reduce using rule 45 (StatePathNot -> StatePathIdentifier PointStatePathIdentifierStar .)
    RIGHTBRACKET    reduce using rule 45 (StatePathNot -> StatePathIdentifier PointStatePathIdentifierStar .)


state 130

    (53) AtomicObserverNot -> LEFTBRACKET Observer . RIGHTBRACKET

    RIGHTBRACKET    shift and go to state 147


state 131

    (49) OrStatePath -> StatePathIdentifier . PointStatePathIdentifierStar
    (42) PointStatePathIdentifierStar -> . empty
    (43) PointStatePathIdentifierStar -> . POINT StatePathIdentifier PointStatePathIdentifierStar
    (1) empty -> .

    POINT           shift and go to state 110
    AND             reduce using rule 1 (empty -> .)
    OR              reduce using rule 1 (empty -> .)
    IDENTIFIER      reduce using rule 1 (empty -> .)
    END             reduce using rule 1 (empty -> .)
    RIGHTBRACKET    reduce using rule 1 (empty -> .)

    PointStatePathIdentifierStar   shift and go to state 148
    empty                          shift and go to state 112

state 132

    (71) OrObserverAnd -> OrObserverNot . AndObserverNotStar
    (66) AndObserverNotStar -> . empty
    (67) AndObserverNotStar -> . AND AndObserverNot AndObserverNotStar
    (1) empty -> .

    AND             shift and go to state 120
    OR              reduce using rule 1 (empty -> .)
    IDENTIFIER      reduce using rule 1 (empty -> .)
    END             reduce using rule 1 (empty -> .)
    RIGHTBRACKET    reduce using rule 1 (empty -> .)

    empty                          shift and go to state 121
    AndObserverNotStar             shift and go to state 149

state 133

    (56) OrAtomicObserver -> OrStatePath .

    AND             reduce using rule 56 (OrAtomicObserver -> OrStatePath .)
    OR              reduce using rule 56 (OrAtomicObserver -> OrStatePath .)
    IDENTIFIER      reduce using rule 56 (OrAtomicObserver -> OrStatePath .)
    END             reduce using rule 56 (OrAtomicObserver -> OrStatePath .)
    RIGHTBRACKET    reduce using rule 56 (OrAtomicObserver -> OrStatePath .)


state 134

    (69) OrObserverNot -> NOT . OrAtomicObserverNot
    (58) OrAtomicObserverNot -> . OrStatePathNot
    (59) OrAtomicObserverNot -> . LEFTBRACKET Observer RIGHTBRACKET
    (48) OrStatePathNot -> . StatePathIdentifier PointStatePathIdentifierStar
    (41) StatePathIdentifier -> . IDENTIFIER

    LEFTBRACKET     shift and go to state 153
    IDENTIFIER      shift and go to state 103

    OrAtomicObserverNot            shift and go to state 150
    StatePathIdentifier            shift and go to state 151
    OrStatePathNot                 shift and go to state 152

state 135

    (73) OrObserverAndStar -> OR OrObserverAnd . OrObserverAndStar
    (72) OrObserverAndStar -> . empty
    (73) OrObserverAndStar -> . OR OrObserverAnd OrObserverAndStar
    (1) empty -> .

    OR              shift and go to state 119
    IDENTIFIER      reduce using rule 1 (empty -> .)
    END             reduce using rule 1 (empty -> .)
    RIGHTBRACKET    reduce using rule 1 (empty -> .)

    OrObserverAndStar              shift and go to state 154
    empty                          shift and go to state 118

state 136

    (70) OrObserverNot -> OrAtomicObserver .

    AND             reduce using rule 70 (OrObserverNot -> OrAtomicObserver .)
    OR              reduce using rule 70 (OrObserverNot -> OrAtomicObserver .)
    IDENTIFIER      reduce using rule 70 (OrObserverNot -> OrAtomicObserver .)
    END             reduce using rule 70 (OrObserverNot -> OrAtomicObserver .)
    RIGHTBRACKET    reduce using rule 70 (OrObserverNot -> OrAtomicObserver .)


state 137

    (57) OrAtomicObserver -> LEFTBRACKET . Observer RIGHTBRACKET
    (76) Observer -> . ObserverIdentifier DEUXPOINTS ObserverOr
    (75) ObserverIdentifier -> . IDENTIFIER

    IDENTIFIER      shift and go to state 80

    Observer                       shift and go to state 155
    ObserverIdentifier             shift and go to state 77

state 138

    (46) AndStatePath -> StatePathIdentifier . PointStatePathIdentifierStar
    (42) PointStatePathIdentifierStar -> . empty
    (43) PointStatePathIdentifierStar -> . POINT StatePathIdentifier PointStatePathIdentifierStar
    (1) empty -> .

    POINT           shift and go to state 110
    AND             reduce using rule 1 (empty -> .)
    OR              reduce using rule 1 (empty -> .)
    IDENTIFIER      reduce using rule 1 (empty -> .)
    END             reduce using rule 1 (empty -> .)
    RIGHTBRACKET    reduce using rule 1 (empty -> .)

    PointStatePathIdentifierStar   shift and go to state 156
    empty                          shift and go to state 112

state 139

    (64) AndObserverNot -> NOT . AndAtomicObserverNot
    (60) AndAtomicObserverNot -> . AndStatePathNot
    (61) AndAtomicObserverNot -> . LEFTBRACKET Observer RIGHTBRACKET
    (47) AndStatePathNot -> . StatePathIdentifier PointStatePathIdentifierStar
    (41) StatePathIdentifier -> . IDENTIFIER

    LEFTBRACKET     shift and go to state 160
    IDENTIFIER      shift and go to state 103

    StatePathIdentifier            shift and go to state 157
    AndStatePathNot                shift and go to state 158
    AndAtomicObserverNot           shift and go to state 159

state 140

    (62) AndAtomicObserver -> AndStatePath .

    AND             reduce using rule 62 (AndAtomicObserver -> AndStatePath .)
    OR              reduce using rule 62 (AndAtomicObserver -> AndStatePath .)
    IDENTIFIER      reduce using rule 62 (AndAtomicObserver -> AndStatePath .)
    END             reduce using rule 62 (AndAtomicObserver -> AndStatePath .)
    RIGHTBRACKET    reduce using rule 62 (AndAtomicObserver -> AndStatePath .)


state 141

    (65) AndObserverNot -> AndAtomicObserver .

    AND             reduce using rule 65 (AndObserverNot -> AndAtomicObserver .)
    OR              reduce using rule 65 (AndObserverNot -> AndAtomicObserver .)
    IDENTIFIER      reduce using rule 65 (AndObserverNot -> AndAtomicObserver .)
    END             reduce using rule 65 (AndObserverNot -> AndAtomicObserver .)
    RIGHTBRACKET    reduce using rule 65 (AndObserverNot -> AndAtomicObserver .)


state 142

    (67) AndObserverNotStar -> AND AndObserverNot . AndObserverNotStar
    (66) AndObserverNotStar -> . empty
    (67) AndObserverNotStar -> . AND AndObserverNot AndObserverNotStar
    (1) empty -> .

    AND             shift and go to state 120
    OR              reduce using rule 1 (empty -> .)
    IDENTIFIER      reduce using rule 1 (empty -> .)
    END             reduce using rule 1 (empty -> .)
    RIGHTBRACKET    reduce using rule 1 (empty -> .)

    empty                          shift and go to state 121
    AndObserverNotStar             shift and go to state 161

state 143

    (63) AndAtomicObserver -> LEFTBRACKET . Observer RIGHTBRACKET
    (76) Observer -> . ObserverIdentifier DEUXPOINTS ObserverOr
    (75) ObserverIdentifier -> . IDENTIFIER

    IDENTIFIER      shift and go to state 80

    Observer                       shift and go to state 162
    ObserverIdentifier             shift and go to state 77

state 144

    (51) AtomicObserver -> LEFTBRACKET Observer RIGHTBRACKET .

    AND             reduce using rule 51 (AtomicObserver -> LEFTBRACKET Observer RIGHTBRACKET .)
    OR              reduce using rule 51 (AtomicObserver -> LEFTBRACKET Observer RIGHTBRACKET .)
    IDENTIFIER      reduce using rule 51 (AtomicObserver -> LEFTBRACKET Observer RIGHTBRACKET .)
    END             reduce using rule 51 (AtomicObserver -> LEFTBRACKET Observer RIGHTBRACKET .)
    RIGHTBRACKET    reduce using rule 51 (AtomicObserver -> LEFTBRACKET Observer RIGHTBRACKET .)


state 145

    (6) AndCommercialEvenPathStar -> ANDCOMMERCIAL EventPath AndCommercialEvenPathStar .

    IDENTIFIER      reduce using rule 6 (AndCommercialEvenPathStar -> ANDCOMMERCIAL EventPath AndCommercialEvenPathStar .)
    OBSERVER        reduce using rule 6 (AndCommercialEvenPathStar -> ANDCOMMERCIAL EventPath AndCommercialEvenPathStar .)
    END             reduce using rule 6 (AndCommercialEvenPathStar -> ANDCOMMERCIAL EventPath AndCommercialEvenPathStar .)


state 146

    (43) PointStatePathIdentifierStar -> POINT StatePathIdentifier PointStatePathIdentifierStar .

    AND             reduce using rule 43 (PointStatePathIdentifierStar -> POINT StatePathIdentifier PointStatePathIdentifierStar .)
    OR              reduce using rule 43 (PointStatePathIdentifierStar -> POINT StatePathIdentifier PointStatePathIdentifierStar .)
    IDENTIFIER      reduce using rule 43 (PointStatePathIdentifierStar -> POINT StatePathIdentifier PointStatePathIdentifierStar .)
    END             reduce using rule 43 (PointStatePathIdentifierStar -> POINT StatePathIdentifier PointStatePathIdentifierStar .)
    RIGHTBRACKET    reduce using rule 43 (PointStatePathIdentifierStar -> POINT StatePathIdentifier PointStatePathIdentifierStar .)


state 147

    (53) AtomicObserverNot -> LEFTBRACKET Observer RIGHTBRACKET .

    AND             reduce using rule 53 (AtomicObserverNot -> LEFTBRACKET Observer RIGHTBRACKET .)
    OR              reduce using rule 53 (AtomicObserverNot -> LEFTBRACKET Observer RIGHTBRACKET .)
    IDENTIFIER      reduce using rule 53 (AtomicObserverNot -> LEFTBRACKET Observer RIGHTBRACKET .)
    END             reduce using rule 53 (AtomicObserverNot -> LEFTBRACKET Observer RIGHTBRACKET .)
    RIGHTBRACKET    reduce using rule 53 (AtomicObserverNot -> LEFTBRACKET Observer RIGHTBRACKET .)


state 148

    (49) OrStatePath -> StatePathIdentifier PointStatePathIdentifierStar .

    AND             reduce using rule 49 (OrStatePath -> StatePathIdentifier PointStatePathIdentifierStar .)
    OR              reduce using rule 49 (OrStatePath -> StatePathIdentifier PointStatePathIdentifierStar .)
    IDENTIFIER      reduce using rule 49 (OrStatePath -> StatePathIdentifier PointStatePathIdentifierStar .)
    END             reduce using rule 49 (OrStatePath -> StatePathIdentifier PointStatePathIdentifierStar .)
    RIGHTBRACKET    reduce using rule 49 (OrStatePath -> StatePathIdentifier PointStatePathIdentifierStar .)


state 149

    (71) OrObserverAnd -> OrObserverNot AndObserverNotStar .

    OR              reduce using rule 71 (OrObserverAnd -> OrObserverNot AndObserverNotStar .)
    IDENTIFIER      reduce using rule 71 (OrObserverAnd -> OrObserverNot AndObserverNotStar .)
    END             reduce using rule 71 (OrObserverAnd -> OrObserverNot AndObserverNotStar .)
    RIGHTBRACKET    reduce using rule 71 (OrObserverAnd -> OrObserverNot AndObserverNotStar .)


state 150

    (69) OrObserverNot -> NOT OrAtomicObserverNot .

    AND             reduce using rule 69 (OrObserverNot -> NOT OrAtomicObserverNot .)
    OR              reduce using rule 69 (OrObserverNot -> NOT OrAtomicObserverNot .)
    IDENTIFIER      reduce using rule 69 (OrObserverNot -> NOT OrAtomicObserverNot .)
    END             reduce using rule 69 (OrObserverNot -> NOT OrAtomicObserverNot .)
    RIGHTBRACKET    reduce using rule 69 (OrObserverNot -> NOT OrAtomicObserverNot .)


state 151

    (48) OrStatePathNot -> StatePathIdentifier . PointStatePathIdentifierStar
    (42) PointStatePathIdentifierStar -> . empty
    (43) PointStatePathIdentifierStar -> . POINT StatePathIdentifier PointStatePathIdentifierStar
    (1) empty -> .

    POINT           shift and go to state 110
    AND             reduce using rule 1 (empty -> .)
    OR              reduce using rule 1 (empty -> .)
    IDENTIFIER      reduce using rule 1 (empty -> .)
    END             reduce using rule 1 (empty -> .)
    RIGHTBRACKET    reduce using rule 1 (empty -> .)

    PointStatePathIdentifierStar   shift and go to state 163
    empty                          shift and go to state 112

state 152

    (58) OrAtomicObserverNot -> OrStatePathNot .

    AND             reduce using rule 58 (OrAtomicObserverNot -> OrStatePathNot .)
    OR              reduce using rule 58 (OrAtomicObserverNot -> OrStatePathNot .)
    IDENTIFIER      reduce using rule 58 (OrAtomicObserverNot -> OrStatePathNot .)
    END             reduce using rule 58 (OrAtomicObserverNot -> OrStatePathNot .)
    RIGHTBRACKET    reduce using rule 58 (OrAtomicObserverNot -> OrStatePathNot .)


state 153

    (59) OrAtomicObserverNot -> LEFTBRACKET . Observer RIGHTBRACKET
    (76) Observer -> . ObserverIdentifier DEUXPOINTS ObserverOr
    (75) ObserverIdentifier -> . IDENTIFIER

    IDENTIFIER      shift and go to state 80

    Observer                       shift and go to state 164
    ObserverIdentifier             shift and go to state 77

state 154

    (73) OrObserverAndStar -> OR OrObserverAnd OrObserverAndStar .

    IDENTIFIER      reduce using rule 73 (OrObserverAndStar -> OR OrObserverAnd OrObserverAndStar .)
    END             reduce using rule 73 (OrObserverAndStar -> OR OrObserverAnd OrObserverAndStar .)
    RIGHTBRACKET    reduce using rule 73 (OrObserverAndStar -> OR OrObserverAnd OrObserverAndStar .)


state 155

    (57) OrAtomicObserver -> LEFTBRACKET Observer . RIGHTBRACKET

    RIGHTBRACKET    shift and go to state 165


state 156

    (46) AndStatePath -> StatePathIdentifier PointStatePathIdentifierStar .

    AND             reduce using rule 46 (AndStatePath -> StatePathIdentifier PointStatePathIdentifierStar .)
    OR              reduce using rule 46 (AndStatePath -> StatePathIdentifier PointStatePathIdentifierStar .)
    IDENTIFIER      reduce using rule 46 (AndStatePath -> StatePathIdentifier PointStatePathIdentifierStar .)
    END             reduce using rule 46 (AndStatePath -> StatePathIdentifier PointStatePathIdentifierStar .)
    RIGHTBRACKET    reduce using rule 46 (AndStatePath -> StatePathIdentifier PointStatePathIdentifierStar .)


state 157

    (47) AndStatePathNot -> StatePathIdentifier . PointStatePathIdentifierStar
    (42) PointStatePathIdentifierStar -> . empty
    (43) PointStatePathIdentifierStar -> . POINT StatePathIdentifier PointStatePathIdentifierStar
    (1) empty -> .

    POINT           shift and go to state 110
    AND             reduce using rule 1 (empty -> .)
    OR              reduce using rule 1 (empty -> .)
    IDENTIFIER      reduce using rule 1 (empty -> .)
    END             reduce using rule 1 (empty -> .)
    RIGHTBRACKET    reduce using rule 1 (empty -> .)

    PointStatePathIdentifierStar   shift and go to state 166
    empty                          shift and go to state 112

state 158

    (60) AndAtomicObserverNot -> AndStatePathNot .

    AND             reduce using rule 60 (AndAtomicObserverNot -> AndStatePathNot .)
    OR              reduce using rule 60 (AndAtomicObserverNot -> AndStatePathNot .)
    IDENTIFIER      reduce using rule 60 (AndAtomicObserverNot -> AndStatePathNot .)
    END             reduce using rule 60 (AndAtomicObserverNot -> AndStatePathNot .)
    RIGHTBRACKET    reduce using rule 60 (AndAtomicObserverNot -> AndStatePathNot .)


state 159

    (64) AndObserverNot -> NOT AndAtomicObserverNot .

    AND             reduce using rule 64 (AndObserverNot -> NOT AndAtomicObserverNot .)
    OR              reduce using rule 64 (AndObserverNot -> NOT AndAtomicObserverNot .)
    IDENTIFIER      reduce using rule 64 (AndObserverNot -> NOT AndAtomicObserverNot .)
    END             reduce using rule 64 (AndObserverNot -> NOT AndAtomicObserverNot .)
    RIGHTBRACKET    reduce using rule 64 (AndObserverNot -> NOT AndAtomicObserverNot .)


state 160

    (61) AndAtomicObserverNot -> LEFTBRACKET . Observer RIGHTBRACKET
    (76) Observer -> . ObserverIdentifier DEUXPOINTS ObserverOr
    (75) ObserverIdentifier -> . IDENTIFIER

    IDENTIFIER      shift and go to state 80

    Observer                       shift and go to state 167
    ObserverIdentifier             shift and go to state 77

state 161

    (67) AndObserverNotStar -> AND AndObserverNot AndObserverNotStar .

    OR              reduce using rule 67 (AndObserverNotStar -> AND AndObserverNot AndObserverNotStar .)
    IDENTIFIER      reduce using rule 67 (AndObserverNotStar -> AND AndObserverNot AndObserverNotStar .)
    END             reduce using rule 67 (AndObserverNotStar -> AND AndObserverNot AndObserverNotStar .)
    RIGHTBRACKET    reduce using rule 67 (AndObserverNotStar -> AND AndObserverNot AndObserverNotStar .)


state 162

    (63) AndAtomicObserver -> LEFTBRACKET Observer . RIGHTBRACKET

    RIGHTBRACKET    shift and go to state 168


state 163

    (48) OrStatePathNot -> StatePathIdentifier PointStatePathIdentifierStar .

    AND             reduce using rule 48 (OrStatePathNot -> StatePathIdentifier PointStatePathIdentifierStar .)
    OR              reduce using rule 48 (OrStatePathNot -> StatePathIdentifier PointStatePathIdentifierStar .)
    IDENTIFIER      reduce using rule 48 (OrStatePathNot -> StatePathIdentifier PointStatePathIdentifierStar .)
    END             reduce using rule 48 (OrStatePathNot -> StatePathIdentifier PointStatePathIdentifierStar .)
    RIGHTBRACKET    reduce using rule 48 (OrStatePathNot -> StatePathIdentifier PointStatePathIdentifierStar .)


state 164

    (59) OrAtomicObserverNot -> LEFTBRACKET Observer . RIGHTBRACKET

    RIGHTBRACKET    shift and go to state 169


state 165

    (57) OrAtomicObserver -> LEFTBRACKET Observer RIGHTBRACKET .

    AND             reduce using rule 57 (OrAtomicObserver -> LEFTBRACKET Observer RIGHTBRACKET .)
    OR              reduce using rule 57 (OrAtomicObserver -> LEFTBRACKET Observer RIGHTBRACKET .)
    IDENTIFIER      reduce using rule 57 (OrAtomicObserver -> LEFTBRACKET Observer RIGHTBRACKET .)
    END             reduce using rule 57 (OrAtomicObserver -> LEFTBRACKET Observer RIGHTBRACKET .)
    RIGHTBRACKET    reduce using rule 57 (OrAtomicObserver -> LEFTBRACKET Observer RIGHTBRACKET .)


state 166

    (47) AndStatePathNot -> StatePathIdentifier PointStatePathIdentifierStar .

    AND             reduce using rule 47 (AndStatePathNot -> StatePathIdentifier PointStatePathIdentifierStar .)
    OR              reduce using rule 47 (AndStatePathNot -> StatePathIdentifier PointStatePathIdentifierStar .)
    IDENTIFIER      reduce using rule 47 (AndStatePathNot -> StatePathIdentifier PointStatePathIdentifierStar .)
    END             reduce using rule 47 (AndStatePathNot -> StatePathIdentifier PointStatePathIdentifierStar .)
    RIGHTBRACKET    reduce using rule 47 (AndStatePathNot -> StatePathIdentifier PointStatePathIdentifierStar .)


state 167

    (61) AndAtomicObserverNot -> LEFTBRACKET Observer . RIGHTBRACKET

    RIGHTBRACKET    shift and go to state 170


state 168

    (63) AndAtomicObserver -> LEFTBRACKET Observer RIGHTBRACKET .

    AND             reduce using rule 63 (AndAtomicObserver -> LEFTBRACKET Observer RIGHTBRACKET .)
    OR              reduce using rule 63 (AndAtomicObserver -> LEFTBRACKET Observer RIGHTBRACKET .)
    IDENTIFIER      reduce using rule 63 (AndAtomicObserver -> LEFTBRACKET Observer RIGHTBRACKET .)
    END             reduce using rule 63 (AndAtomicObserver -> LEFTBRACKET Observer RIGHTBRACKET .)
    RIGHTBRACKET    reduce using rule 63 (AndAtomicObserver -> LEFTBRACKET Observer RIGHTBRACKET .)


state 169

    (59) OrAtomicObserverNot -> LEFTBRACKET Observer RIGHTBRACKET .

    AND             reduce using rule 59 (OrAtomicObserverNot -> LEFTBRACKET Observer RIGHTBRACKET .)
    OR              reduce using rule 59 (OrAtomicObserverNot -> LEFTBRACKET Observer RIGHTBRACKET .)
    IDENTIFIER      reduce using rule 59 (OrAtomicObserverNot -> LEFTBRACKET Observer RIGHTBRACKET .)
    END             reduce using rule 59 (OrAtomicObserverNot -> LEFTBRACKET Observer RIGHTBRACKET .)
    RIGHTBRACKET    reduce using rule 59 (OrAtomicObserverNot -> LEFTBRACKET Observer RIGHTBRACKET .)


state 170

    (61) AndAtomicObserverNot -> LEFTBRACKET Observer RIGHTBRACKET .

    AND             reduce using rule 61 (AndAtomicObserverNot -> LEFTBRACKET Observer RIGHTBRACKET .)
    OR              reduce using rule 61 (AndAtomicObserverNot -> LEFTBRACKET Observer RIGHTBRACKET .)
    IDENTIFIER      reduce using rule 61 (AndAtomicObserverNot -> LEFTBRACKET Observer RIGHTBRACKET .)
    END             reduce using rule 61 (AndAtomicObserverNot -> LEFTBRACKET Observer RIGHTBRACKET .)
    RIGHTBRACKET    reduce using rule 61 (AndAtomicObserverNot -> LEFTBRACKET Observer RIGHTBRACKET .)

